Arguments: 
  /usr/local/bin/node /usr/local/bin/yarn add no-lockfile true

PATH: 
  /Library/Frameworks/Python.framework/Versions/3.9/bin:~/mongodb-macos-x86_64-enterprise-4.4.0/bin:/Users/xingvoong/.gem/ruby/2.6.0/bin:/usr/local/opt/ruby/bin:/usr/local/opt/ruby/bin:/Library/Frameworks/Python.framework/Versions/3.6/bin:/anaconda/bin:/bin:/sbin:Users/bin:/Users/local/sbin:/Users/local/bin:/usr/local/bin:/usr/bin:/bin:/usr/sbin:/sbin:/Applications/VMware Fusion.app/Contents/Public:/opt/X11/bin:/Library/Apple/usr/bin:/Library/Frameworks/Python.framework/Versions/3.9/bin:~/mongodb-macos-x86_64-enterprise-4.4.0/bin:/Users/xingvoong/.gem/ruby/2.6.0/bin:/usr/local/opt/ruby/bin:/Library/Frameworks/Python.framework/Versions/3.6/bin:/anaconda/bin:Users/bin:/Users/local/sbin:/Users/local/bin

Yarn version: 
  1.19.1

Node version: 
  14.17.6

Platform: 
  darwin x64

Trace: 
  Error: https://registry.yarnpkg.com/no-lockfile: Not found
      at Request.params.callback [as _callback] (/usr/local/lib/node_modules/yarn/lib/cli.js:66926:18)
      at Request.self.callback (/usr/local/lib/node_modules/yarn/lib/cli.js:140564:22)
      at Request.emit (events.js:400:28)
      at Request.<anonymous> (/usr/local/lib/node_modules/yarn/lib/cli.js:141536:10)
      at Request.emit (events.js:400:28)
      at IncomingMessage.<anonymous> (/usr/local/lib/node_modules/yarn/lib/cli.js:141458:12)
      at Object.onceWrapper (events.js:519:28)
      at IncomingMessage.emit (events.js:412:35)
      at endReadableNT (internal/streams/readable.js:1317:12)
      at processTicksAndRejections (internal/process/task_queues.js:82:21)

npm manifest: 
  {
    "name": "survey_server",
    "version": "1.0.0",
    "description": "",
    "main": "index.js",
    "scripts": {
      "start": "node index.js",
      "startdev": "nodemon -L index.js"
    },
    "keywords": [],
    "author": "",
    "license": "ISC",
    "dependencies": {
      "body-parser": "^1.17.0",
      "ejs": "^2.5.6",
      "express": "^4.15.0",
      "mongoose": "^4.8.5"
    },
    "engines": {
      "npm": ">=6.0.0",
      "node": ">=10.0.0"
    }
  }

yarn manifest: 
  No manifest

Lockfile: 
  No lockfile
